[14:36:18] [main/INFO]: Loading Minecraft 1.20.4 with Fabric Loader 0.15.10
[14:36:18] [main/INFO]: Loading 4 mods:
	- fabricloader 0.15.10
	   \-- mixinextras 0.3.5
	- java 18
	- minecraft 1.20.4
[14:36:18] [main/INFO]: SpongePowered MIXIN Subsystem Version=0.8.5 Source=file:/Users/gabrielfraga/coding/minecraft-servers/better-adventure-plus/versions/1.20.4/libraries/net/fabricmc/sponge-mixin/0.13.3+mixin.0.8.5/sponge-mixin-0.13.3+mixin.0.8.5.jar Service=Knot/Fabric Env=SERVER
[14:36:23] [main/INFO]: Environment: Environment[sessionHost=https://sessionserver.mojang.com, servicesHost=https://api.minecraftservices.com, name=PROD]
[14:36:24] [main/INFO]: No existing world data, creating new world
[14:36:24] [main/INFO]: Loaded 7 recipes
[14:36:24] [main/INFO]: Loaded 1271 advancements
[14:36:24] [Server thread/INFO]: Starting minecraft server version 1.20.4
[14:36:24] [Server thread/INFO]: Loading properties
[14:36:24] [Server thread/INFO]: Default game type: SURVIVAL
[14:36:24] [Server thread/INFO]: Generating keypair
[14:36:24] [Server thread/INFO]: Starting Minecraft server on *:3000
[14:36:24] [Server thread/INFO]: Using default channel type
[14:36:25] [Server thread/INFO]: Preparing level "world"
[14:36:27] [Server thread/INFO]: Preparing start region for dimension minecraft:overworld
[14:36:27] [Worker-Main-5/INFO]: Preparing spawn area: 0%
[14:36:27] [Worker-Main-3/INFO]: Preparing spawn area: 0%
[14:36:28] [Worker-Main-1/INFO]: Preparing spawn area: 0%
[14:36:29] [Worker-Main-1/INFO]: Preparing spawn area: 0%
[14:36:29] [Worker-Main-4/INFO]: Preparing spawn area: 0%
[14:36:29] [Worker-Main-1/INFO]: Preparing spawn area: 0%
[14:36:30] [Worker-Main-6/INFO]: Preparing spawn area: 1%
[14:36:30] [Worker-Main-7/INFO]: Preparing spawn area: 3%
[14:36:31] [Worker-Main-3/INFO]: Preparing spawn area: 6%
[14:36:31] [Worker-Main-3/INFO]: Preparing spawn area: 10%
[14:36:32] [Worker-Main-2/INFO]: Preparing spawn area: 14%
[14:36:32] [Worker-Main-6/INFO]: Preparing spawn area: 17%
[14:36:33] [Worker-Main-5/INFO]: Preparing spawn area: 22%
[14:36:33] [Worker-Main-5/INFO]: Preparing spawn area: 26%
[14:36:34] [Worker-Main-5/INFO]: Preparing spawn area: 31%
[14:36:34] [Worker-Main-3/INFO]: Preparing spawn area: 35%
[14:36:35] [Worker-Main-3/INFO]: Preparing spawn area: 41%
[14:36:35] [Worker-Main-6/INFO]: Preparing spawn area: 44%
[14:36:36] [Worker-Main-4/INFO]: Preparing spawn area: 49%
[14:36:36] [Worker-Main-5/INFO]: Preparing spawn area: 55%
[14:36:37] [Worker-Main-3/INFO]: Preparing spawn area: 60%
[14:36:37] [Worker-Main-6/INFO]: Preparing spawn area: 66%
[14:36:38] [Worker-Main-1/INFO]: Preparing spawn area: 71%
[14:36:38] [Worker-Main-6/INFO]: Preparing spawn area: 76%
[14:36:39] [Worker-Main-3/INFO]: Preparing spawn area: 82%
[14:36:39] [Worker-Main-7/INFO]: Preparing spawn area: 87%
[14:36:40] [Worker-Main-1/INFO]: Preparing spawn area: 92%
[14:36:40] [Worker-Main-6/INFO]: Preparing spawn area: 98%
[14:36:40] [Server thread/INFO]: Time elapsed: 13535 ms
[14:36:40] [Server thread/INFO]: Done (15.802s)! For help, type "help"
